2458851.2982160002 4.8e-05 0.02034958455 0 1 1
2458851.2982651414 4.8e-05 0.02034788333 0 1 1
2458851.2983142831 4.8e-05 0.0203461481 0 1 1
2458851.2983634244 4.8e-05 0.02034449259 0 1 1
2458851.2984125661 4.8e-05 0.0203429138 0 1 1
2458851.2984617073 4.8e-05 0.02034136744 0 1 1
2458851.2985108485 4.8e-05 0.02033984706 0 1 1
2458851.2985599902 4.8e-05 0.02033835819 0 1 1
2458851.2986091315 4.8e-05 0.02033694024 0 1 1
2458851.2986582727 4.8e-05 0.02033547983 0 1 1
2458851.2987074144 4.8e-05 0.02033413253 0 1 1
2458851.2987565557 4.8e-05 0.02033277571 0 1 1
2458851.2988056974 4.8e-05 0.02033149256 0 1 1
2458851.2988548386 4.8e-05 0.02033027441 0 1 1
2458851.2989039798 4.8e-05 0.02032900025 0 1 1
2458851.2989531215 4.8e-05 0.02032777355 0 1 1
2458851.2990022628 4.8e-05 0.02032660096 0 1 1
2458851.2990514045 4.8e-05 0.02032546697 0 1 1
2458851.2991005457 4.8e-05 0.02000741617 0 1 1
2458851.2991496869 4.8e-05 0.01902907576 0 1 1
2458851.2991988286 4.8e-05 0.01769380191 0 1 1
2458851.2992479699 4.8e-05 0.01614748639 0 1 1
2458851.2992971111 4.8e-05 0.0144853934 0 1 1
2458851.2993462528 4.8e-05 0.01273588197 0 1 1
2458851.299395394 4.8e-05 0.01101636772 0 1 1
2458851.2994445357 4.8e-05 0.009316644024 0 1 1
2458851.299493677 4.8e-05 0.007725535617 0 1 1
2458851.2995428182 4.8e-05 0.00624290755 0 1 1
2458851.2995919599 4.8e-05 0.004931979151 0 1 1
2458851.2996411012 4.8e-05 0.003805265233 0 1 1
2458851.2996902429 4.8e-05 0.002909289084 0 1 1
2458851.2997393841 4.8e-05 0.002274655982 0 1 1
2458851.2997885253 4.8e-05 0.001993271986 0 1 1
2458851.299837667 4.8e-05 0.001992680504 0 1 1
2458851.2998868083 4.8e-05 0.001992125489 0 1 1
2458851.2999359495 4.8e-05 0.001991607378 0 1 1
2458851.2999850912 4.8e-05 0.001991126433 0 1 1
2458851.3000342324 4.8e-05 0.00199068254 0 1 1
2458851.3000833741 4.8e-05 0.001990276003 0 1 1
2458851.3001325154 4.8e-05 0.001989906708 0 1 1
2458851.3001816566 4.8e-05 0.001989574427 0 1 1
2458851.3002307983 4.8e-05 0.001989278502 0 1 1
2458851.3002799395 4.8e-05 0.001989019171 0 1 1
2458851.3003290812 4.8e-05 0.001988796061 0 1 1
2458851.3003782225 4.8e-05 0.001988609016 0 1 1
2458851.3004273637 4.8e-05 0.001988458449 0 1 1
2458851.3004765054 4.8e-05 0.001988344902 0 1 1
2458851.3005256467 4.8e-05 0.001988268523 0 1 1
2458851.3005747879 4.8e-05 0.001988229172 0 1 1
2458851.3006239296 4.8e-05 0.001988227362 0 1 1
2458851.3006730708 4.8e-05 0.001988263125 0 1 1
2458851.3007222125 4.8e-05 0.001988335972 0 1 1
2458851.3007713538 4.8e-05 0.001988445993 0 1 1
2458851.300820495 4.8e-05 0.001988592999 0 1 1
2458851.3008696367 4.8e-05 0.001988776591 0 1 1
2458851.3009187779 4.8e-05 0.001988996229 0 1 1
2458851.3009679192 4.8e-05 0.001989252091 0 1 1
2458851.3010170609 4.8e-05 0.001989544503 0 1 1
2458851.3010662021 4.8e-05 0.001989873273 0 1 1
2458851.3011153438 4.8e-05 0.001990239032 0 1 1
2458851.301164485 4.8e-05 0.001990642001 0 1 1
2458851.3012136263 4.8e-05 0.00199108232 0 1 1
2458851.301262768 4.8e-05 0.001991559718 0 1 1
2458851.3013119092 4.8e-05 0.001992074267 0 1 1
2458851.3013610509 4.8e-05 0.001992625783 0 1 1
2458851.3014101922 4.8e-05 0.001993213802 0 1 1
2458851.3014593334 4.8e-05 0.002231984274 0 1 1
2458851.3015084751 4.8e-05 0.002838082041 0 1 1
2458851.3015576163 4.8e-05 0.003705905487 0 1 1
2458851.3016067576 4.8e-05 0.004825163417 0 1 1
2458851.3016558993 4.8e-05 0.006117672457 0 1 1
2458851.3017050405 4.8e-05 0.007574110759 0 1 1
2458851.3017541822 4.8e-05 0.009145795503 0 1 1
2458851.3018033234 4.8e-05 0.01083321185 0 1 1
2458851.3018524647 4.8e-05 0.0125556327 0 1 1
2458851.3019016064 4.8e-05 0.01431723103 0 1 1
2458851.3019507476 4.8e-05 0.01598779483 0 1 1
2458851.3019998893 4.8e-05 0.01754445147 0 1 1
2458851.3020490305 4.8e-05 0.01891451378 0 1 1
2458851.3020981718 4.8e-05 0.01993874828 0 1 1
2458851.3021473135 4.8e-05 0.0203277903 0 1 1
2458851.3021964547 4.8e-05 0.02032899969 0 1 1
2458851.302245596 4.8e-05 0.02033024185 0 1 1
2458851.3022947377 4.8e-05 0.0203315346 0 1 1
2458851.3023438789 4.8e-05 0.02033289134 0 1 1
2458851.3023930206 4.8e-05 0.0203341837 0 1 1
2458851.3024421618 4.8e-05 0.0203355392 0 1 1
2458851.3024913031 4.8e-05 0.02033696655 0 1 1
2458851.3025404448 4.8e-05 0.02033838742 0 1 1
2458851.302589586 4.8e-05 0.02033991675 0 1 1
2458851.3026387277 4.8e-05 0.02034141482 0 1 1
2458851.3026878689 4.8e-05 0.02034297358 0 1 1
2458851.3027370102 4.8e-05 0.02034456238 0 1 1
2458851.3027861519 4.8e-05 0.0203461862 0 1 1
2458851.3028352931 4.8e-05 0.02034783542 0 1 1
2458851.3028844343 4.8e-05 0.02034955452 0 1 1
2458851.3029335761 4.8e-05 0.020351363 0 1 1
2458851.3029827173 4.8e-05 0.02035314648 0 1 1
2458851.303031859 4.8e-05 0.02035490686 0 1 1
2458851.3030810002 4.8e-05 0.02035672511 0 1 1
